<?xml version="1.0" encoding="UTF-8"?>
<!-- Generated by org.testng.reporters.JUnitXMLReporter -->
<testsuite ignored="0" hostname="DESKTOP-DK4JNSP" failures="0" tests="4" name="Test" time="33.357" errors="0" timestamp="2022-08-17T20:58:23 EDT">
  <testcase classname="Academy.EndToEnd.Display" name="displaycontract" time="0.289"/>
  <testcase classname="Academy.EndToEnd.Validate" name="pagetitle" time="0.141"/>
  <testcase classname="Academy.EndToEnd.BaseHome" name="login" time="8.56"/>
  <testcase classname="Academy.EndToEnd.BaseHome" name="login" time="4.401"/>
</testsuite> <!-- Test -->
