<?xml version="1.0" encoding="UTF-8"?>
<testng-results ignored="0" total="1" passed="1" failed="0" skipped="0">
  <reporter-output>
  </reporter-output>
  <suite started-at="2022-08-15T06:20:17 EDT" name="Default suite" finished-at="2022-08-15T06:20:25 EDT" duration-ms="7990">
    <groups>
    </groups>
    <test started-at="2022-08-15T06:20:17 EDT" name="Default test" finished-at="2022-08-15T06:20:25 EDT" duration-ms="7990">
      <class name="TestCase.Amazonreturn">
        <test-method signature="returni()[pri:0, instance:TestCase.Amazonreturn@4b45a2f5]" started-at="2022-08-15T06:20:17 EDT" name="returni" finished-at="2022-08-15T06:20:25 EDT" duration-ms="7911" status="PASS">
          <reporter-output>
          </reporter-output>
        </test-method> <!-- returni -->
      </class> <!-- TestCase.Amazonreturn -->
    </test> <!-- Default test -->
  </suite> <!-- Default suite -->
</testng-results>
