<?xml version="1.0" encoding="UTF-8"?>
<!-- Generated by org.testng.reporters.JUnitXMLReporter -->
<testsuite ignored="1" hostname="DESKTOP-DK4JNSP" failures="0" tests="1" name="car loan" time="0.066" errors="0" timestamp="2022-08-10T21:40:32 EDT">
  <testcase classname="Test.Day3" name="@BeforeClass beforeclass" time="-1.660182031892E9">
    <failure type="org.testng.TestNGException" message="
Can inject only one of &amp;lt;ITestContext, XmlTest&amp;gt; into a @BeforeClass annotated beforeclass.
For more information on native dependency injection please refer to https://testng.org/doc/documentation-main.html#native-dependency-injection">
      <![CDATA[org.testng.TestNGException: 
Can inject only one of <ITestContext, XmlTest> into a @BeforeClass annotated beforeclass.
For more information on native dependency injection please refer to https://testng.org/doc/documentation-main.html#native-dependency-injection
at java.base/java.util.ArrayList.forEach(ArrayList.java:1541)
at java.base/java.util.concurrent.FutureTask.run(FutureTask.java:264)
at java.base/java.util.concurrent.ThreadPoolExecutor.runWorker(ThreadPoolExecutor.java:1128)
at java.base/java.util.concurrent.ThreadPoolExecutor$Worker.run(ThreadPoolExecutor.java:628)
at java.base/java.lang.Thread.run(Thread.java:834)
... Removed 13 stack frames]]>
    </failure>
  </testcase> <!-- @BeforeClass beforeclass -->
  <testcase classname="Test.Day3" name="@AfterClass afterclass" time="-1.660182031929E9">
    <skipped/>
  </testcase> <!-- @AfterClass afterclass -->
  <testcase classname="Test.Day3" name="weblogincar" time="0.0">
    <skipped/>
  </testcase> <!-- weblogincar -->
  <testcase classname="Test.Day3" name="mobilelogincar" time="0.0">
    <ignored/>
  </testcase> <!-- mobilelogincar -->
</testsuite> <!-- car loan -->
