<?xml version="1.0" encoding="UTF-8"?>
<!-- Generated by org.testng.reporters.JUnitXMLReporter -->
<testsuite ignored="0" hostname="DESKTOP-DK4JNSP" failures="3" tests="3" name="parametersing" time="0.176" errors="0" timestamp="2022-08-12T05:53:37 EDT">
  <testcase classname="Test.Day5" name="apilogincar" time="0.023">
    <failure type="java.lang.AssertionError" message="expected [true] but found [false]">
      <![CDATA[java.lang.AssertionError: expected [true] but found [false]
at Test.Day5.apilogincar(Day5.java:15)
at java.base/java.util.ArrayList.forEach(ArrayList.java:1541)
... Removed 31 stack frames]]>
    </failure>
  </testcase> <!-- apilogincar -->
  <testcase classname="Test.Day5" name="apilogincar" time="0.004">
    <failure type="java.lang.AssertionError" message="expected [true] but found [false]">
      <![CDATA[java.lang.AssertionError: expected [true] but found [false]
at Test.Day5.apilogincar(Day5.java:15)
at java.base/java.util.ArrayList.forEach(ArrayList.java:1541)
... Removed 31 stack frames]]>
    </failure>
  </testcase> <!-- apilogincar -->
  <testcase classname="Test.Day5" name="apilogincar" time="0.003">
    <failure type="java.lang.AssertionError" message="expected [true] but found [false]">
      <![CDATA[java.lang.AssertionError: expected [true] but found [false]
at Test.Day5.apilogincar(Day5.java:15)
at java.base/java.util.ArrayList.forEach(ArrayList.java:1541)
... Removed 31 stack frames]]>
    </failure>
  </testcase> <!-- apilogincar -->
</testsuite> <!-- parametersing -->
