<?xml version="1.0" encoding="UTF-8"?>
<!-- Generated by org.testng.reporters.JUnitXMLReporter -->
<testsuite ignored="7" hostname="DESKTOP-DK4JNSP" failures="0" tests="4" name="regression test" time="0.087" errors="0" timestamp="2022-08-09T20:51:11 EDT">
  <testcase classname="Test.Day1" name="demo" time="0.008"/>
  <testcase classname="Test.Day2" name="ploan" time="0.006"/>
  <testcase classname="Test.Day3" name="weblogincar" time="0.007"/>
  <testcase classname="Test.Day4" name="mobileloginHome" time="0.001"/>
  <testcase classname="Test.Day1" name="SecondTest" time="0.0">
    <ignored/>
  </testcase> <!-- SecondTest -->
  <testcase classname="Test.Day4" name="webloginHome" time="0.0">
    <ignored/>
  </testcase> <!-- webloginHome -->
  <testcase classname="Test.Day3" name="mobilelogincar" time="0.0">
    <ignored/>
  </testcase> <!-- mobilelogincar -->
  <testcase classname="Test.Day4" name="apiloginHome" time="0.0">
    <ignored/>
  </testcase> <!-- apiloginHome -->
  <testcase classname="Test.Day1" name="thirdTest" time="0.0">
    <ignored/>
  </testcase> <!-- thirdTest -->
  <testcase classname="Test.Day2" name="listerntest1" time="0.0">
    <ignored/>
  </testcase> <!-- listerntest1 -->
  <testcase classname="Test.Day3" name="apilogincar" time="0.0">
    <ignored/>
  </testcase> <!-- apilogincar -->
</testsuite> <!-- regression test -->
