<?xml version="1.0" encoding="UTF-8"?>
<testng-results ignored="0" total="1" passed="1" failed="0" skipped="0">
  <reporter-output>
  </reporter-output>
  <suite started-at="2022-08-12T07:26:48 EDT" name="Default suite" finished-at="2022-08-12T07:26:49 EDT" duration-ms="151">
    <groups>
    </groups>
    <test started-at="2022-08-12T07:26:48 EDT" name="Default test" finished-at="2022-08-12T07:26:49 EDT" duration-ms="151">
      <class name="com.giko.AppiumTest">
        <test-method signature="twitter()[pri:0, instance:com.giko.AppiumTest@65c7a252]" started-at="2022-08-12T07:26:48 EDT" name="twitter" finished-at="2022-08-12T07:26:49 EDT" duration-ms="16" status="PASS">
          <reporter-output>
          </reporter-output>
        </test-method> <!-- twitter -->
      </class> <!-- com.giko.AppiumTest -->
    </test> <!-- Default test -->
  </suite> <!-- Default suite -->
</testng-results>
