<?xml version="1.0" encoding="UTF-8"?>
<testng-results ignored="0" total="4" passed="4" failed="0" skipped="0">
  <reporter-output>
  </reporter-output>
  <suite started-at="2022-08-16T17:52:19 EDT" name="Suite" finished-at="2022-08-16T17:52:51 EDT" duration-ms="32041">
    <groups>
    </groups>
    <test started-at="2022-08-16T17:52:19 EDT" name="Test" finished-at="2022-08-16T17:52:51 EDT" duration-ms="32041">
      <class name="Academy.EndToEnd.Validate">
        <test-method is-config="true" signature="inittlizing()[pri:0, instance:Academy.EndToEnd.Validate@bd4dc25]" started-at="2022-08-16T17:52:27 EDT" name="inittlizing" finished-at="2022-08-16T17:52:33 EDT" duration-ms="6052" status="PASS">
          <reporter-output>
          </reporter-output>
        </test-method> <!-- inittlizing -->
        <test-method signature="pagetitle()[pri:0, instance:Academy.EndToEnd.Validate@bd4dc25]" started-at="2022-08-16T17:52:33 EDT" name="pagetitle" finished-at="2022-08-16T17:52:33 EDT" duration-ms="55" status="PASS">
          <reporter-output>
          </reporter-output>
        </test-method> <!-- pagetitle -->
        <test-method is-config="true" signature="teardown()[pri:0, instance:Academy.EndToEnd.Validate@bd4dc25]" started-at="2022-08-16T17:52:50 EDT" name="teardown" finished-at="2022-08-16T17:52:51 EDT" duration-ms="260" status="PASS">
          <reporter-output>
          </reporter-output>
        </test-method> <!-- teardown -->
      </class> <!-- Academy.EndToEnd.Validate -->
      <class name="Academy.EndToEnd.BaseHome">
        <test-method is-config="true" signature="intillizing()[pri:0, instance:Academy.EndToEnd.BaseHome@25084a1e]" started-at="2022-08-16T17:52:19 EDT" name="intillizing" finished-at="2022-08-16T17:52:22 EDT" duration-ms="3284" status="PASS">
          <reporter-output>
          </reporter-output>
        </test-method> <!-- intillizing -->
        <test-method signature="login(java.lang.String,java.lang.String,java.lang.String)[pri:0, instance:Academy.EndToEnd.BaseHome@25084a1e]" started-at="2022-08-16T17:52:33 EDT" name="login" data-provider="getData" finished-at="2022-08-16T17:52:42 EDT" duration-ms="8435" status="PASS">
          <params>
            <param index="0">
              <value>
                <![CDATA[ajajaj]]>
              </value>
            </param>
            <param index="1">
              <value>
                <![CDATA[11223]]>
              </value>
            </param>
            <param index="2">
              <value>
                <![CDATA[nonrestected]]>
              </value>
            </param>
          </params>
          <reporter-output>
          </reporter-output>
        </test-method> <!-- login -->
        <test-method signature="login(java.lang.String,java.lang.String,java.lang.String)[pri:0, instance:Academy.EndToEnd.BaseHome@25084a1e]" started-at="2022-08-16T17:52:42 EDT" name="login" data-provider="getData" finished-at="2022-08-16T17:52:46 EDT" duration-ms="3694" status="PASS">
          <params>
            <param index="0">
              <value>
                <![CDATA[hjdjkdkd]]>
              </value>
            </param>
            <param index="1">
              <value>
                <![CDATA[637337]]>
              </value>
            </param>
            <param index="2">
              <value>
                <![CDATA[rastected]]>
              </value>
            </param>
          </params>
          <reporter-output>
          </reporter-output>
        </test-method> <!-- login -->
        <test-method is-config="true" signature="Teardown()[pri:0, instance:Academy.EndToEnd.BaseHome@25084a1e]" started-at="2022-08-16T17:52:46 EDT" name="Teardown" finished-at="2022-08-16T17:52:50 EDT" duration-ms="4724" status="PASS">
          <reporter-output>
          </reporter-output>
        </test-method> <!-- Teardown -->
      </class> <!-- Academy.EndToEnd.BaseHome -->
      <class name="Academy.EndToEnd.Display">
        <test-method is-config="true" signature="inittlizing()[pri:0, instance:Academy.EndToEnd.Display@662b4c69]" started-at="2022-08-16T17:52:22 EDT" name="inittlizing" finished-at="2022-08-16T17:52:27 EDT" duration-ms="5040" status="PASS">
          <reporter-output>
          </reporter-output>
        </test-method> <!-- inittlizing -->
        <test-method signature="displaycontract()[pri:0, instance:Academy.EndToEnd.Display@662b4c69]" started-at="2022-08-16T17:52:33 EDT" name="displaycontract" finished-at="2022-08-16T17:52:33 EDT" duration-ms="195" status="PASS">
          <reporter-output>
          </reporter-output>
        </test-method> <!-- displaycontract -->
        <test-method is-config="true" signature="teardown()[pri:0, instance:Academy.EndToEnd.Display@662b4c69]" started-at="2022-08-16T17:52:50 EDT" name="teardown" finished-at="2022-08-16T17:52:50 EDT" duration-ms="155" status="PASS">
          <reporter-output>
          </reporter-output>
        </test-method> <!-- teardown -->
      </class> <!-- Academy.EndToEnd.Display -->
    </test> <!-- Test -->
  </suite> <!-- Suite -->
</testng-results>
