<?xml version="1.0" encoding="UTF-8"?>
<!-- Generated by org.testng.reporters.JUnitXMLReporter -->
<testsuite ignored="1" hostname="DESKTOP-DK4JNSP" failures="0" tests="2" name="Car Loan" time="0.077" errors="0" timestamp="2022-07-13T21:33:50 EDT">
  <testcase classname="Test.Day4" name="mobileloginHome" time="0.004"/>
  <testcase classname="Test.Day4" name="webloginHome" time="0.013"/>
  <testcase classname="Test.Day4" name="apiloginHome" time="0.0">
    <ignored/>
  </testcase> <!-- apiloginHome -->
</testsuite> <!-- Car Loan -->
