<?xml version="1.0" encoding="UTF-8"?>
<!-- Generated by org.testng.reporters.JUnitXMLReporter -->
<testsuite ignored="1" hostname="DESKTOP-DK4JNSP" failures="0" tests="2" name="CarLoan" time="0.016" errors="0" timestamp="2022-07-10T22:58:36 EDT">
  <testcase classname="Test.Day3" name="apilogincar" time="0.003"/>
  <testcase classname="Test.Day3" name="weblogincar" time="0.001"/>
  <testcase classname="Test.Day3" name="mobilelogincar" time="0.0">
    <ignored/>
  </testcase> <!-- mobilelogincar -->
</testsuite> <!-- CarLoan -->
