<?xml version="1.0" encoding="UTF-8"?>
<!-- Generated by org.testng.reporters.JUnitXMLReporter -->
<testsuite ignored="1" hostname="DESKTOP-DK4JNSP" failures="0" tests="8" name="loan" time="0.122" errors="0" timestamp="2022-07-12T21:30:20 EDT">
  <testcase classname="Test.Day1" name="SecondTest" time="0.008"/>
  <testcase classname="Test.Day1" name="demo" time="0.003"/>
  <testcase classname="Test.Day2" name="ploan" time="0.004"/>
  <testcase classname="Test.Day3" name="apilogincar" time="0.002"/>
  <testcase classname="Test.Day3" name="weblogincar" time="0.007"/>
  <testcase classname="Test.Day4" name="mobileloginHome" time="0.003"/>
  <testcase classname="Test.Day4" name="webloginHome" time="0.01"/>
  <testcase classname="Test.Day4" name="apiloginHome" time="0.0"/>
  <testcase classname="Test.Day3" name="mobilelogincar" time="0.0">
    <ignored/>
  </testcase> <!-- mobilelogincar -->
</testsuite> <!-- loan -->
