<?xml version="1.0" encoding="UTF-8"?>
<!-- Generated by org.testng.reporters.JUnitXMLReporter -->
<testsuite ignored="0" hostname="DESKTOP-DK4JNSP" failures="0" tests="9" name="Personalloan" time="0.242" errors="0" timestamp="2022-07-11T06:23:13 EDT">
  <testcase classname="Test.Day1" name="SecondTest" time="0.021"/>
  <testcase classname="Test.Day1" name="demo" time="0.002"/>
  <testcase classname="Test.Day2" name="ploan" time="0.015"/>
  <testcase classname="Test.Day3" name="apilogincar" time="0.002"/>
  <testcase classname="Test.Day3" name="mobilelogincar" time="0.01"/>
  <testcase classname="Test.Day3" name="weblogincar" time="0.006"/>
  <testcase classname="Test.Day4" name="apiloginHome" time="0.008"/>
  <testcase classname="Test.Day4" name="mobileloginHome" time="0.006"/>
  <testcase classname="Test.Day4" name="webloginHome" time="0.002"/>
</testsuite> <!-- Personalloan -->
