<?xml version="1.0" encoding="UTF-8"?>
<!-- Generated by org.testng.reporters.JUnitXMLReporter -->
<testsuite ignored="1" hostname="DESKTOP-DK4JNSP" failures="2" tests="12" name="Test" time="0.174" errors="0" timestamp="2022-08-08T21:19:10 EDT">
  <testcase classname="Test.Day1" name="SecondTest" time="0.005"/>
  <testcase classname="Test.Day1" name="demo" time="0.002"/>
  <testcase classname="Test.Day1" name="thirdTest" time="0.0">
    <failure type="org.testng.TestNGException" message="
Parameter &amp;apos;URL&amp;apos; is required by @Test on method thirdTest but has not been marked @Optional or defined
in C:\Users\alam_\seleniumWorkspace\TestNgTutirial\testng.xml">
      <![CDATA[org.testng.TestNGException: 
Parameter 'URL' is required by @Test on method thirdTest but has not been marked @Optional or defined
in C:\Users\alam_\seleniumWorkspace\TestNgTutirial\testng.xml
at java.base/java.util.ArrayList.forEach(ArrayList.java:1541)
... Removed 26 stack frames]]>
    </failure>
  </testcase> <!-- thirdTest -->
  <testcase classname="Test.Day2" name="listerntest1" time="0.009">
    <failure type="java.lang.AssertionError" message="expected [true] but found [false]">
      <![CDATA[java.lang.AssertionError: expected [true] but found [false]
at Test.Day2.listerntest1(Day2.java:27)
at java.base/java.util.ArrayList.forEach(ArrayList.java:1541)
... Removed 31 stack frames]]>
    </failure>
  </testcase> <!-- listerntest1 -->
  <testcase classname="Test.Day2" name="ploan" time="0.002"/>
  <testcase classname="Test.Day3" name="apilogincar" time="0.002"/>
  <testcase classname="Test.Day3" name="apilogincar" time="0.007"/>
  <testcase classname="Test.Day3" name="apilogincar" time="0.005"/>
  <testcase classname="Test.Day3" name="weblogincar" time="0.003"/>
  <testcase classname="Test.Day4" name="mobileloginHome" time="0.001"/>
  <testcase classname="Test.Day4" name="webloginHome" time="0.006"/>
  <testcase classname="Test.Day4" name="apiloginHome" time="0.002"/>
  <testcase classname="Test.Day3" name="mobilelogincar" time="0.0">
    <ignored/>
  </testcase> <!-- mobilelogincar -->
</testsuite> <!-- Test -->
