<?xml version="1.0" encoding="UTF-8"?>
<testng-results ignored="0" total="1" passed="1" failed="0" skipped="0">
  <reporter-output>
  </reporter-output>
  <suite started-at="2022-07-15T06:30:06 EDT" name="com.giko.AppTest" finished-at="2022-07-15T06:30:06 EDT" duration-ms="190">
    <groups>
    </groups>
    <test started-at="2022-07-15T06:30:06 EDT" name="Command line test" finished-at="2022-07-15T06:30:06 EDT" duration-ms="190">
      <class name="com.giko.AppTest">
        <test-method signature="testlogin1()[pri:0, instance:com.giko.AppTest@128d2484]" started-at="2022-07-15T06:30:06 EDT" name="testlogin1" finished-at="2022-07-15T06:30:06 EDT" duration-ms="24" status="PASS">
          <reporter-output>
          </reporter-output>
        </test-method> <!-- testlogin1 -->
      </class> <!-- com.giko.AppTest -->
    </test> <!-- Command line test -->
  </suite> <!-- com.giko.AppTest -->
</testng-results>
