<?xml version="1.0" encoding="UTF-8"?>
<!-- Generated by org.testng.reporters.JUnitXMLReporter -->
<testsuite ignored="0" hostname="DESKTOP-DK4JNSP" failures="0" tests="3" name="Test" time="0.142" errors="0" timestamp="2022-08-12T07:26:01 EDT">
  <testcase classname="com.giko.SeleniumTest" name="twitterandwatsapp" time="0.017"/>
  <testcase classname="com.giko.AppiumTest" name="twitter" time="0.002"/>
  <testcase classname="com.giko.RestapiTest" name="automation" time="0.002"/>
</testsuite> <!-- Test -->
