<?xml version="1.0" encoding="UTF-8"?>
<!-- Generated by org.testng.reporters.JUnitXMLReporter -->
<testsuite ignored="0" hostname="DESKTOP-DK4JNSP" failures="0" tests="4" name="Test" time="32.041" errors="0" timestamp="2022-08-16T17:52:51 EDT">
  <testcase classname="Academy.EndToEnd.Display" name="displaycontract" time="0.195"/>
  <testcase classname="Academy.EndToEnd.Validate" name="pagetitle" time="0.055"/>
  <testcase classname="Academy.EndToEnd.BaseHome" name="login" time="8.435"/>
  <testcase classname="Academy.EndToEnd.BaseHome" name="login" time="3.694"/>
</testsuite> <!-- Test -->
